<?xml version="1.0" encoding="utf-8"?><testsuites><testsuite name="pytest" errors="0" failures="0" skipped="0" tests="32" time="0.380" timestamp="2021-10-27T11:39:38.847046" hostname="prabhat-Inspiron-7560"><testcase classname="test.test_add_flower" name="test_add_to_stock" time="0.001" /><testcase classname="test.test_add_flower" name="test_add_to_stock_negative" time="0.001" /><testcase classname="test.test_add_flower" name="test_add_new_in_stock" time="0.001" /><testcase classname="test.test_add_flower" name="test_add_new_in_stock_negative" time="0.001" /><testcase classname="test.test_add_flower_api.TestGet" name="test_add_flower" time="0.032" /><testcase classname="test.test_add_flower_api.TestGet" name="test_add_new_flower" time="0.017" /><testcase classname="test.test_add_flower_api.TestPost" name="test_add_flower" time="0.007" /><testcase classname="test.test_add_flower_api.TestPost" name="test_add_flower_negative" time="0.015" /><testcase classname="test.test_add_flower_api.TestPost" name="test_add_new_flower" time="0.007" /><testcase classname="test.test_add_flower_api.TestPost" name="test_add_new_flower_negative" time="0.020" /><testcase classname="test.test_order" name="test_cancel" time="0.001" /><testcase classname="test.test_order.TestOrders" name="test_flower_out_of_stock" time="0.001" /><testcase classname="test.test_order.TestOrders" name="test_bq_size_exceeded" time="0.001" /><testcase classname="test.test_order.TestOrders" name="test_bq_size_exceeded_negative" time="0.001" /><testcase classname="test.test_order.TestOrders" name="test_adding_to_cart" time="0.001" /><testcase classname="test.test_order.TestOrders" name="test_check_order_criteria" time="0.001" /><testcase classname="test.test_order.TestOrders" name="test_proceed_to_buy" time="0.001" /><testcase classname="test.test_order_api" name="test_get_bouquet_size" time="0.016" /><testcase classname="test.test_order_api.TestPost" name="test_bouquet_size" time="0.021" /><testcase classname="test.test_order_api.TestPost" name="test_bouquet_size_negative" time="0.018" /><testcase classname="test.test_order_api.TestPost" name="test_add_to_cart" time="0.017" /><testcase classname="test.test_order_api.TestPost" name="test_add_to_cart_negative" time="0.021" /><testcase classname="test.test_order_api.TestPost" name="test_go_to_cart" time="0.016" /><testcase classname="test.test_order_api.TestPost" name="test_cancel_order" time="0.013" /><testcase classname="test.test_order_api.TestPost" name="test_buy" time="0.025" /><testcase classname="test.test_validate_input" name="test_validate_int" time="0.001" /><testcase classname="test.test_validate_input" name="test_validate_int_negative" time="0.001" /><testcase classname="test.test_validate_input" name="test_validate_float" time="0.001" /><testcase classname="test.test_validate_input" name="test_validate_float_negative" time="0.001" /><testcase classname="test.test_welcome_api" name="test_index" time="0.011" /><testcase classname="test.test_welcome_api" name="test_about" time="0.014" /><testcase classname="test.test_welcome_api" name="test_contact" time="0.013" /></testsuite></testsuites>